<?xml version="1.0" encoding="UTF-8"?>
<!-- Generated by org.testng.reporters.JUnitXMLReporter -->
<testsuite hostname="TOMS-PC" name="TestHTC" tests="3" failures="0" timestamp="11 Jul 2014 12:57:45 GMT" time="154.212" errors="0">
  <testcase name="testAccountRegisterPageURL" time="6.406" classname="OxfamMobile.WebTest.TestStep1"/>
  <testcase name="testHomePageURL" time="3.032" classname="OxfamMobile.WebTest.TestStep1"/>
  <testcase name="testLoginPageURL" time="5.891" classname="OxfamMobile.WebTest.TestStep1"/>
</testsuite> <!-- TestHTC -->
