<?xml version="1.0" encoding="UTF-8"?>
<!-- Generated by org.testng.reporters.JUnitXMLReporter -->
<testsuite hostname="TOMS-PC" name="TestSamsung" tests="3" failures="0" timestamp="11 Jul 2014 12:57:39 GMT" time="147.148" errors="0">
  <testcase name="testAccountRegisterPageURL" time="7.798" classname="OxfamMobile.WebTest.TestStep1"/>
  <testcase name="testHomePageURL" time="0.525" classname="OxfamMobile.WebTest.TestStep1"/>
  <testcase name="testLoginPageURL" time="4.712" classname="OxfamMobile.WebTest.TestStep1"/>
</testsuite> <!-- TestSamsung -->
